# JRE version: Java(TM) SE Runtime Environment (8.0_431) (build 1.8.0_431-b10)
# Java VM: Java HotSpot(TM) 64-Bit Server VM (25.431-b10 mixed mode windows-amd64 compressed oops)
Heap:
 PSYoungGen      total 140800K, used 75002K [0x00000000e6700000, 0x00000000f5780000, 0x0000000100000000)
  eden space 130048K, 50% used [0x00000000e6700000,0x00000000ea750730,0x00000000ee600000)
  from space 10752K, 85% used [0x00000000ee600000,0x00000000eeeee3f8,0x00000000ef080000)
  to   space 15872K, 0% used [0x00000000f4800000,0x00000000f4800000,0x00000000f5780000)
 ParOldGen       total 102400K, used 13915K [0x00000000b3400000, 0x00000000b9800000, 0x00000000e6700000)
  object space 102400K, 13% used [0x00000000b3400000,0x00000000b4196d80,0x00000000b9800000)
 Metaspace       used 25591K, capacity 26370K, committed 26544K, reserved 1073152K
  class space    used 3153K, capacity 3470K, committed 3504K, reserved 1048576K
GC Heap History (10 events):
Event: 0.919 GC heap before
{Heap before GC invocations=2 (full 0):
 PSYoungGen      total 75776K, used 70774K [0x00000000e6700000, 0x00000000ebb80000, 0x0000000100000000)
  eden space 65024K, 100% used [0x00000000e6700000,0x00000000ea680000,0x00000000ea680000)
  from space 10752K, 53% used [0x00000000ea680000,0x00000000eac1d920,0x00000000eb100000)
  to   space 10752K, 0% used [0x00000000eb100000,0x00000000eb100000,0x00000000ebb80000)
 ParOldGen       total 173568K, used 88K [0x00000000b3400000, 0x00000000bdd80000, 0x00000000e6700000)
  object space 173568K, 0% used [0x00000000b3400000,0x00000000b3416010,0x00000000bdd80000)
 Metaspace       used 12757K, capacity 12922K, committed 13056K, reserved 1060864K
  class space    used 1454K, capacity 1522K, committed 1536K, reserved 1048576K
Event: 0.923 GC heap after
Heap after GC invocations=2 (full 0):
 PSYoungGen      total 75776K, used 8193K [0x00000000e6700000, 0x00000000efb00000, 0x0000000100000000)
  eden space 65024K, 0% used [0x00000000e6700000,0x00000000e6700000,0x00000000ea680000)
  from space 10752K, 76% used [0x00000000eb100000,0x00000000eb9004e0,0x00000000ebb80000)
  to   space 10752K, 0% used [0x00000000ea680000,0x00000000ea680000,0x00000000eb100000)
 ParOldGen       total 173568K, used 96K [0x00000000b3400000, 0x00000000bdd80000, 0x00000000e6700000)
  object space 173568K, 0% used [0x00000000b3400000,0x00000000b3418010,0x00000000bdd80000)
 Metaspace       used 12757K, capacity 12922K, committed 13056K, reserved 1060864K
  class space    used 1454K, capacity 1522K, committed 1536K, reserved 1048576K
}
Event: 1.134 GC heap before
{Heap before GC invocations=3 (full 0):
 PSYoungGen      total 75776K, used 73217K [0x00000000e6700000, 0x00000000efb00000, 0x0000000100000000)
  eden space 65024K, 100% used [0x00000000e6700000,0x00000000ea680000,0x00000000ea680000)
  from space 10752K, 76% used [0x00000000eb100000,0x00000000eb9004e0,0x00000000ebb80000)
  to   space 10752K, 0% used [0x00000000ea680000,0x00000000ea680000,0x00000000eb100000)
 ParOldGen       total 173568K, used 96K [0x00000000b3400000, 0x00000000bdd80000, 0x00000000e6700000)
  object space 173568K, 0% used [0x00000000b3400000,0x00000000b3418010,0x00000000bdd80000)
 Metaspace       used 15287K, capacity 15554K, committed 15744K, reserved 1062912K
  class space    used 1777K, capacity 1870K, committed 1920K, reserved 1048576K
Event: 1.138 GC heap after
Heap after GC invocations=3 (full 0):
 PSYoungGen      total 75776K, used 10727K [0x00000000e6700000, 0x00000000efb00000, 0x0000000100000000)
  eden space 65024K, 0% used [0x00000000e6700000,0x00000000e6700000,0x00000000ea680000)
  from space 10752K, 99% used [0x00000000ea680000,0x00000000eb0f9e38,0x00000000eb100000)
  to   space 10752K, 0% used [0x00000000ef080000,0x00000000ef080000,0x00000000efb00000)
 ParOldGen       total 173568K, used 709K [0x00000000b3400000, 0x00000000bdd80000, 0x00000000e6700000)
  object space 173568K, 0% used [0x00000000b3400000,0x00000000b34b1788,0x00000000bdd80000)
 Metaspace       used 15287K, capacity 15554K, committed 15744K, reserved 1062912K
  class space    used 1777K, capacity 1870K, committed 1920K, reserved 1048576K
}
Event: 2.965 GC heap before
{Heap before GC invocations=4 (full 0):
 PSYoungGen      total 75776K, used 43472K [0x00000000e6700000, 0x00000000efb00000, 0x0000000100000000)
  eden space 65024K, 50% used [0x00000000e6700000,0x00000000e86fa590,0x00000000ea680000)
  from space 10752K, 99% used [0x00000000ea680000,0x00000000eb0f9e38,0x00000000eb100000)
  to   space 10752K, 0% used [0x00000000ef080000,0x00000000ef080000,0x00000000efb00000)
 ParOldGen       total 173568K, used 709K [0x00000000b3400000, 0x00000000bdd80000, 0x00000000e6700000)
  object space 173568K, 0% used [0x00000000b3400000,0x00000000b34b1788,0x00000000bdd80000)
 Metaspace       used 20488K, capacity 21228K, committed 21296K, reserved 1067008K
  class space    used 2480K, capacity 2834K, committed 2864K, reserved 1048576K
Event: 2.971 GC heap after
Heap after GC invocations=4 (full 0):
 PSYoungGen      total 140800K, used 10745K [0x00000000e6700000, 0x00000000efb00000, 0x0000000100000000)
  eden space 130048K, 0% used [0x00000000e6700000,0x00000000e6700000,0x00000000ee600000)
  from space 10752K, 99% used [0x00000000ef080000,0x00000000efafe7f0,0x00000000efb00000)
  to   space 10752K, 0% used [0x00000000ee600000,0x00000000ee600000,0x00000000ef080000)
 ParOldGen       total 173568K, used 4968K [0x00000000b3400000, 0x00000000bdd80000, 0x00000000e6700000)
  object space 173568K, 2% used [0x00000000b3400000,0x00000000b38da140,0x00000000bdd80000)
 Metaspace       used 20488K, capacity 21228K, committed 21296K, reserved 1067008K
  class space    used 2480K, capacity 2834K, committed 2864K, reserved 1048576K
}
Event: 2.971 GC heap before
{Heap before GC invocations=5 (full 1):
 PSYoungGen      total 140800K, used 10745K [0x00000000e6700000, 0x00000000efb00000, 0x0000000100000000)
  eden space 130048K, 0% used [0x00000000e6700000,0x00000000e6700000,0x00000000ee600000)
  from space 10752K, 99% used [0x00000000ef080000,0x00000000efafe7f0,0x00000000efb00000)
  to   space 10752K, 0% used [0x00000000ee600000,0x00000000ee600000,0x00000000ef080000)
 ParOldGen       total 173568K, used 4968K [0x00000000b3400000, 0x00000000bdd80000, 0x00000000e6700000)
  object space 173568K, 2% used [0x00000000b3400000,0x00000000b38da140,0x00000000bdd80000)
 Metaspace       used 20488K, capacity 21228K, committed 21296K, reserved 1067008K
  class space    used 2480K, capacity 2834K, committed 2864K, reserved 1048576K
Event: 2.991 GC heap after
Heap after GC invocations=5 (full 1):
 PSYoungGen      total 140800K, used 0K [0x00000000e6700000, 0x00000000efb00000, 0x0000000100000000)
  eden space 130048K, 0% used [0x00000000e6700000,0x00000000e6700000,0x00000000ee600000)
  from space 10752K, 0% used [0x00000000ef080000,0x00000000ef080000,0x00000000efb00000)
  to   space 10752K, 0% used [0x00000000ee600000,0x00000000ee600000,0x00000000ef080000)
 ParOldGen       total 102400K, used 13907K [0x00000000b3400000, 0x00000000b9800000, 0x00000000e6700000)
  object space 102400K, 13% used [0x00000000b3400000,0x00000000b4194d80,0x00000000b9800000)
 Metaspace       used 20488K, capacity 21228K, committed 21296K, reserved 1067008K
  class space    used 2480K, capacity 2834K, committed 2864K, reserved 1048576K
}
Event: 7.156 GC heap before
{Heap before GC invocations=6 (full 1):
 PSYoungGen      total 140800K, used 130048K [0x00000000e6700000, 0x00000000efb00000, 0x0000000100000000)
  eden space 130048K, 100% used [0x00000000e6700000,0x00000000ee600000,0x00000000ee600000)
  from space 10752K, 0% used [0x00000000ef080000,0x00000000ef080000,0x00000000efb00000)
  to   space 10752K, 0% used [0x00000000ee600000,0x00000000ee600000,0x00000000ef080000)
 ParOldGen       total 102400K, used 13907K [0x00000000b3400000, 0x00000000b9800000, 0x00000000e6700000)
  object space 102400K, 13% used [0x00000000b3400000,0x00000000b4194d80,0x00000000b9800000)
 Metaspace       used 24969K, capacity 25684K, committed 26032K, reserved 1071104K
  class space    used 3140K, capacity 3456K, committed 3504K, reserved 1048576K
Event: 7.161 GC heap after
Heap after GC invocations=6 (full 1):
 PSYoungGen      total 140800K, used 9144K [0x00000000e6700000, 0x00000000f5780000, 0x0000000100000000)
  eden space 130048K, 0% used [0x00000000e6700000,0x00000000e6700000,0x00000000ee600000)
  from space 10752K, 85% used [0x00000000ee600000,0x00000000eeeee3f8,0x00000000ef080000)
  to   space 15872K, 0% used [0x00000000f4800000,0x00000000f4800000,0x00000000f5780000)
 ParOldGen       total 102400K, used 13915K [0x00000000b3400000, 0x00000000b9800000, 0x00000000e6700000)
  object space 102400K, 13% used [0x00000000b3400000,0x00000000b4196d80,0x00000000b9800000)
 Metaspace       used 24969K, capacity 25684K, committed 26032K, reserved 1071104K
  class space    used 3140K, capacity 3456K, committed 3504K, reserved 1048576K
}

