# JRE version: Java(TM) SE Runtime Environment (8.0_431) (build 1.8.0_431-b10)
# Java VM: Java HotSpot(TM) 64-Bit Server VM (25.431-b10 mixed mode windows-amd64 compressed oops)
Heap:
 PSYoungGen      total 140800K, used 121931K [0x00000000e6700000, 0x00000000f6380000, 0x0000000100000000)
  eden space 130048K, 85% used [0x00000000e6700000,0x00000000ed399170,0x00000000ee600000)
  from space 10752K, 99% used [0x00000000ee600000,0x00000000ef079dd8,0x00000000ef080000)
  to   space 17408K, 0% used [0x00000000f5280000,0x00000000f5280000,0x00000000f6380000)
 ParOldGen       total 99328K, used 16033K [0x00000000b3400000, 0x00000000b9500000, 0x00000000e6700000)
  object space 99328K, 16% used [0x00000000b3400000,0x00000000b43a85b8,0x00000000b9500000)
 Metaspace       used 27637K, capacity 28546K, committed 28848K, reserved 1075200K
  class space    used 3385K, capacity 3741K, committed 3760K, reserved 1048576K
GC Heap History (10 events):
Event: 0.954 GC heap before
{Heap before GC invocations=2 (full 0):
 PSYoungGen      total 75776K, used 70804K [0x00000000e6700000, 0x00000000ebb80000, 0x0000000100000000)
  eden space 65024K, 100% used [0x00000000e6700000,0x00000000ea680000,0x00000000ea680000)
  from space 10752K, 53% used [0x00000000ea680000,0x00000000eac25398,0x00000000eb100000)
  to   space 10752K, 0% used [0x00000000eb100000,0x00000000eb100000,0x00000000ebb80000)
 ParOldGen       total 173568K, used 88K [0x00000000b3400000, 0x00000000bdd80000, 0x00000000e6700000)
  object space 173568K, 0% used [0x00000000b3400000,0x00000000b3416010,0x00000000bdd80000)
 Metaspace       used 12687K, capacity 12858K, committed 13056K, reserved 1060864K
  class space    used 1449K, capacity 1522K, committed 1536K, reserved 1048576K
Event: 0.958 GC heap after
Heap after GC invocations=2 (full 0):
 PSYoungGen      total 75776K, used 8177K [0x00000000e6700000, 0x00000000efb00000, 0x0000000100000000)
  eden space 65024K, 0% used [0x00000000e6700000,0x00000000e6700000,0x00000000ea680000)
  from space 10752K, 76% used [0x00000000eb100000,0x00000000eb8fc4e0,0x00000000ebb80000)
  to   space 10752K, 0% used [0x00000000ea680000,0x00000000ea680000,0x00000000eb100000)
 ParOldGen       total 173568K, used 96K [0x00000000b3400000, 0x00000000bdd80000, 0x00000000e6700000)
  object space 173568K, 0% used [0x00000000b3400000,0x00000000b3418010,0x00000000bdd80000)
 Metaspace       used 12687K, capacity 12858K, committed 13056K, reserved 1060864K
  class space    used 1449K, capacity 1522K, committed 1536K, reserved 1048576K
}
Event: 1.211 GC heap before
{Heap before GC invocations=3 (full 0):
 PSYoungGen      total 75776K, used 73201K [0x00000000e6700000, 0x00000000efb00000, 0x0000000100000000)
  eden space 65024K, 100% used [0x00000000e6700000,0x00000000ea680000,0x00000000ea680000)
  from space 10752K, 76% used [0x00000000eb100000,0x00000000eb8fc4e0,0x00000000ebb80000)
  to   space 10752K, 0% used [0x00000000ea680000,0x00000000ea680000,0x00000000eb100000)
 ParOldGen       total 173568K, used 96K [0x00000000b3400000, 0x00000000bdd80000, 0x00000000e6700000)
  object space 173568K, 0% used [0x00000000b3400000,0x00000000b3418010,0x00000000bdd80000)
 Metaspace       used 15264K, capacity 15454K, committed 15744K, reserved 1062912K
  class space    used 1776K, capacity 1882K, committed 1920K, reserved 1048576K
Event: 1.215 GC heap after
Heap after GC invocations=3 (full 0):
 PSYoungGen      total 75776K, used 10727K [0x00000000e6700000, 0x00000000efb00000, 0x0000000100000000)
  eden space 65024K, 0% used [0x00000000e6700000,0x00000000e6700000,0x00000000ea680000)
  from space 10752K, 99% used [0x00000000ea680000,0x00000000eb0f9cd0,0x00000000eb100000)
  to   space 10752K, 0% used [0x00000000ef080000,0x00000000ef080000,0x00000000efb00000)
 ParOldGen       total 173568K, used 702K [0x00000000b3400000, 0x00000000bdd80000, 0x00000000e6700000)
  object space 173568K, 0% used [0x00000000b3400000,0x00000000b34af948,0x00000000bdd80000)
 Metaspace       used 15264K, capacity 15454K, committed 15744K, reserved 1062912K
  class space    used 1776K, capacity 1882K, committed 1920K, reserved 1048576K
}
Event: 5.518 GC heap before
{Heap before GC invocations=4 (full 0):
 PSYoungGen      total 75776K, used 54568K [0x00000000e6700000, 0x00000000efb00000, 0x0000000100000000)
  eden space 65024K, 67% used [0x00000000e6700000,0x00000000e91d0498,0x00000000ea680000)
  from space 10752K, 99% used [0x00000000ea680000,0x00000000eb0f9cd0,0x00000000eb100000)
  to   space 10752K, 0% used [0x00000000ef080000,0x00000000ef080000,0x00000000efb00000)
 ParOldGen       total 173568K, used 702K [0x00000000b3400000, 0x00000000bdd80000, 0x00000000e6700000)
  object space 173568K, 0% used [0x00000000b3400000,0x00000000b34af948,0x00000000bdd80000)
 Metaspace       used 20584K, capacity 21268K, committed 21296K, reserved 1067008K
  class space    used 2485K, capacity 2844K, committed 2864K, reserved 1048576K
Event: 5.526 GC heap after
Heap after GC invocations=4 (full 0):
 PSYoungGen      total 140800K, used 10746K [0x00000000e6700000, 0x00000000efb00000, 0x0000000100000000)
  eden space 130048K, 0% used [0x00000000e6700000,0x00000000e6700000,0x00000000ee600000)
  from space 10752K, 99% used [0x00000000ef080000,0x00000000efafe8a0,0x00000000efb00000)
  to   space 10752K, 0% used [0x00000000ee600000,0x00000000ee600000,0x00000000ef080000)
 ParOldGen       total 173568K, used 5377K [0x00000000b3400000, 0x00000000bdd80000, 0x00000000e6700000)
  object space 173568K, 3% used [0x00000000b3400000,0x00000000b3940628,0x00000000bdd80000)
 Metaspace       used 20584K, capacity 21268K, committed 21296K, reserved 1067008K
  class space    used 2485K, capacity 2844K, committed 2864K, reserved 1048576K
}
Event: 5.526 GC heap before
{Heap before GC invocations=5 (full 1):
 PSYoungGen      total 140800K, used 10746K [0x00000000e6700000, 0x00000000efb00000, 0x0000000100000000)
  eden space 130048K, 0% used [0x00000000e6700000,0x00000000e6700000,0x00000000ee600000)
  from space 10752K, 99% used [0x00000000ef080000,0x00000000efafe8a0,0x00000000efb00000)
  to   space 10752K, 0% used [0x00000000ee600000,0x00000000ee600000,0x00000000ef080000)
 ParOldGen       total 173568K, used 5377K [0x00000000b3400000, 0x00000000bdd80000, 0x00000000e6700000)
  object space 173568K, 3% used [0x00000000b3400000,0x00000000b3940628,0x00000000bdd80000)
 Metaspace       used 20584K, capacity 21268K, committed 21296K, reserved 1067008K
  class space    used 2485K, capacity 2844K, committed 2864K, reserved 1048576K
Event: 5.548 GC heap after
Heap after GC invocations=5 (full 1):
 PSYoungGen      total 140800K, used 0K [0x00000000e6700000, 0x00000000efb00000, 0x0000000100000000)
  eden space 130048K, 0% used [0x00000000e6700000,0x00000000e6700000,0x00000000ee600000)
  from space 10752K, 0% used [0x00000000ef080000,0x00000000ef080000,0x00000000efb00000)
  to   space 10752K, 0% used [0x00000000ee600000,0x00000000ee600000,0x00000000ef080000)
 ParOldGen       total 99328K, used 14521K [0x00000000b3400000, 0x00000000b9500000, 0x00000000e6700000)
  object space 99328K, 14% used [0x00000000b3400000,0x00000000b422e5b8,0x00000000b9500000)
 Metaspace       used 20584K, capacity 21268K, committed 21296K, reserved 1067008K
  class space    used 2485K, capacity 2844K, committed 2864K, reserved 1048576K
}
Event: 54.525 GC heap before
{Heap before GC invocations=6 (full 1):
 PSYoungGen      total 140800K, used 130048K [0x00000000e6700000, 0x00000000efb00000, 0x0000000100000000)
  eden space 130048K, 100% used [0x00000000e6700000,0x00000000ee600000,0x00000000ee600000)
  from space 10752K, 0% used [0x00000000ef080000,0x00000000ef080000,0x00000000efb00000)
  to   space 10752K, 0% used [0x00000000ee600000,0x00000000ee600000,0x00000000ef080000)
 ParOldGen       total 99328K, used 14521K [0x00000000b3400000, 0x00000000b9500000, 0x00000000e6700000)
  object space 99328K, 14% used [0x00000000b3400000,0x00000000b422e5b8,0x00000000b9500000)
 Metaspace       used 26200K, capacity 27132K, committed 27184K, reserved 1073152K
  class space    used 3220K, capacity 3612K, committed 3632K, reserved 1048576K
Event: 54.545 GC heap after
Heap after GC invocations=6 (full 1):
 PSYoungGen      total 140800K, used 10727K [0x00000000e6700000, 0x00000000f6380000, 0x0000000100000000)
  eden space 130048K, 0% used [0x00000000e6700000,0x00000000e6700000,0x00000000ee600000)
  from space 10752K, 99% used [0x00000000ee600000,0x00000000ef079dd8,0x00000000ef080000)
  to   space 17408K, 0% used [0x00000000f5280000,0x00000000f5280000,0x00000000f6380000)
 ParOldGen       total 99328K, used 16033K [0x00000000b3400000, 0x00000000b9500000, 0x00000000e6700000)
  object space 99328K, 16% used [0x00000000b3400000,0x00000000b43a85b8,0x00000000b9500000)
 Metaspace       used 26200K, capacity 27132K, committed 27184K, reserved 1073152K
  class space    used 3220K, capacity 3612K, committed 3632K, reserved 1048576K
}

